<?xml version="1.0" encoding="UTF-8"?>
<testsuite xmlns:xsi="http://www.w3.org/2001/XMLSchema-instance" xsi:noNamespaceSchemaLocation="https://maven.apache.org/surefire/maven-surefire-plugin/xsd/surefire-test-report.xsd" version="3.0.2" name="com.eboneth.espec.EspecApplicationTests" time="4.848" tests="1" errors="0" skipped="0" failures="0">
  <properties>
    <property name="java.specification.version" value="25"/>
    <property name="sun.jnu.encoding" value="UTF-8"/>
    <property name="java.class.path" value="/Users/rafaelbonett/Desktop/espec/target/test-classes:/Users/rafaelbonett/Desktop/espec/target/classes:/Users/rafaelbonett/.m2/repository/org/springframework/boot/spring-boot-starter-web/3.5.7/spring-boot-starter-web-3.5.7.jar:/Users/rafaelbonett/.m2/repository/org/springframework/boot/spring-boot-starter/3.5.7/spring-boot-starter-3.5.7.jar:/Users/rafaelbonett/.m2/repository/org/springframework/boot/spring-boot/3.5.7/spring-boot-3.5.7.jar:/Users/rafaelbonett/.m2/repository/org/springframework/boot/spring-boot-autoconfigure/3.5.7/spring-boot-autoconfigure-3.5.7.jar:/Users/rafaelbonett/.m2/repository/org/springframework/boot/spring-boot-starter-logging/3.5.7/spring-boot-starter-logging-3.5.7.jar:/Users/rafaelbonett/.m2/repository/ch/qos/logback/logback-classic/1.5.20/logback-classic-1.5.20.jar:/Users/rafaelbonett/.m2/repository/ch/qos/logback/logback-core/1.5.20/logback-core-1.5.20.jar:/Users/rafaelbonett/.m2/repository/org/apache/logging/log4j/log4j-to-slf4j/2.24.3/log4j-to-slf4j-2.24.3.jar:/Users/rafaelbonett/.m2/repository/org/apache/logging/log4j/log4j-api/2.24.3/log4j-api-2.24.3.jar:/Users/rafaelbonett/.m2/repository/org/slf4j/jul-to-slf4j/2.0.17/jul-to-slf4j-2.0.17.jar:/Users/rafaelbonett/.m2/repository/org/yaml/snakeyaml/2.4/snakeyaml-2.4.jar:/Users/rafaelbonett/.m2/repository/org/springframework/boot/spring-boot-starter-json/3.5.7/spring-boot-starter-json-3.5.7.jar:/Users/rafaelbonett/.m2/repository/com/fasterxml/jackson/datatype/jackson-datatype-jdk8/2.19.2/jackson-datatype-jdk8-2.19.2.jar:/Users/rafaelbonett/.m2/repository/com/fasterxml/jackson/module/jackson-module-parameter-names/2.19.2/jackson-module-parameter-names-2.19.2.jar:/Users/rafaelbonett/.m2/repository/org/springframework/spring-web/6.2.12/spring-web-6.2.12.jar:/Users/rafaelbonett/.m2/repository/org/springframework/spring-beans/6.2.12/spring-beans-6.2.12.jar:/Users/rafaelbonett/.m2/repository/io/micrometer/micrometer-observation/1.15.5/micrometer-observation-1.15.5.jar:/Users/rafaelbonett/.m2/repository/io/micrometer/micrometer-commons/1.15.5/micrometer-commons-1.15.5.jar:/Users/rafaelbonett/.m2/repository/org/springframework/spring-webmvc/6.2.12/spring-webmvc-6.2.12.jar:/Users/rafaelbonett/.m2/repository/org/springframework/spring-aop/6.2.12/spring-aop-6.2.12.jar:/Users/rafaelbonett/.m2/repository/org/springframework/spring-context/6.2.12/spring-context-6.2.12.jar:/Users/rafaelbonett/.m2/repository/org/springframework/spring-expression/6.2.12/spring-expression-6.2.12.jar:/Users/rafaelbonett/.m2/repository/org/springframework/boot/spring-boot-starter-tomcat/3.5.7/spring-boot-starter-tomcat-3.5.7.jar:/Users/rafaelbonett/.m2/repository/jakarta/annotation/jakarta.annotation-api/2.1.1/jakarta.annotation-api-2.1.1.jar:/Users/rafaelbonett/.m2/repository/org/apache/tomcat/embed/tomcat-embed-core/10.1.48/tomcat-embed-core-10.1.48.jar:/Users/rafaelbonett/.m2/repository/org/apache/tomcat/embed/tomcat-embed-el/10.1.48/tomcat-embed-el-10.1.48.jar:/Users/rafaelbonett/.m2/repository/org/apache/tomcat/embed/tomcat-embed-websocket/10.1.48/tomcat-embed-websocket-10.1.48.jar:/Users/rafaelbonett/.m2/repository/org/springframework/boot/spring-boot-starter-test/3.5.7/spring-boot-starter-test-3.5.7.jar:/Users/rafaelbonett/.m2/repository/org/springframework/boot/spring-boot-test/3.5.7/spring-boot-test-3.5.7.jar:/Users/rafaelbonett/.m2/repository/org/springframework/boot/spring-boot-test-autoconfigure/3.5.7/spring-boot-test-autoconfigure-3.5.7.jar:/Users/rafaelbonett/.m2/repository/com/jayway/jsonpath/json-path/2.9.0/json-path-2.9.0.jar:/Users/rafaelbonett/.m2/repository/org/slf4j/slf4j-api/2.0.17/slf4j-api-2.0.17.jar:/Users/rafaelbonett/.m2/repository/jakarta/xml/bind/jakarta.xml.bind-api/4.0.4/jakarta.xml.bind-api-4.0.4.jar:/Users/rafaelbonett/.m2/repository/jakarta/activation/jakarta.activation-api/2.1.4/jakarta.activation-api-2.1.4.jar:/Users/rafaelbonett/.m2/repository/net/minidev/json-smart/2.5.2/json-smart-2.5.2.jar:/Users/rafaelbonett/.m2/repository/net/minidev/accessors-smart/2.5.2/accessors-smart-2.5.2.jar:/Users/rafaelbonett/.m2/repository/org/ow2/asm/asm/9.7.1/asm-9.7.1.jar:/Users/rafaelbonett/.m2/repository/org/assertj/assertj-core/3.27.6/assertj-core-3.27.6.jar:/Users/rafaelbonett/.m2/repository/net/bytebuddy/byte-buddy/1.17.8/byte-buddy-1.17.8.jar:/Users/rafaelbonett/.m2/repository/org/awaitility/awaitility/4.2.2/awaitility-4.2.2.jar:/Users/rafaelbonett/.m2/repository/org/hamcrest/hamcrest/3.0/hamcrest-3.0.jar:/Users/rafaelbonett/.m2/repository/org/junit/jupiter/junit-jupiter/5.12.2/junit-jupiter-5.12.2.jar:/Users/rafaelbonett/.m2/repository/org/junit/jupiter/junit-jupiter-api/5.12.2/junit-jupiter-api-5.12.2.jar:/Users/rafaelbonett/.m2/repository/org/opentest4j/opentest4j/1.3.0/opentest4j-1.3.0.jar:/Users/rafaelbonett/.m2/repository/org/junit/platform/junit-platform-commons/1.12.2/junit-platform-commons-1.12.2.jar:/Users/rafaelbonett/.m2/repository/org/apiguardian/apiguardian-api/1.1.2/apiguardian-api-1.1.2.jar:/Users/rafaelbonett/.m2/repository/org/junit/jupiter/junit-jupiter-params/5.12.2/junit-jupiter-params-5.12.2.jar:/Users/rafaelbonett/.m2/repository/org/junit/jupiter/junit-jupiter-engine/5.12.2/junit-jupiter-engine-5.12.2.jar:/Users/rafaelbonett/.m2/repository/org/junit/platform/junit-platform-engine/1.12.2/junit-platform-engine-1.12.2.jar:/Users/rafaelbonett/.m2/repository/org/mockito/mockito-core/5.17.0/mockito-core-5.17.0.jar:/Users/rafaelbonett/.m2/repository/net/bytebuddy/byte-buddy-agent/1.17.8/byte-buddy-agent-1.17.8.jar:/Users/rafaelbonett/.m2/repository/org/objenesis/objenesis/3.3/objenesis-3.3.jar:/Users/rafaelbonett/.m2/repository/org/mockito/mockito-junit-jupiter/5.17.0/mockito-junit-jupiter-5.17.0.jar:/Users/rafaelbonett/.m2/repository/org/skyscreamer/jsonassert/1.5.3/jsonassert-1.5.3.jar:/Users/rafaelbonett/.m2/repository/com/vaadin/external/google/android-json/0.0.20131108.vaadin1/android-json-0.0.20131108.vaadin1.jar:/Users/rafaelbonett/.m2/repository/org/springframework/spring-core/6.2.12/spring-core-6.2.12.jar:/Users/rafaelbonett/.m2/repository/org/springframework/spring-jcl/6.2.12/spring-jcl-6.2.12.jar:/Users/rafaelbonett/.m2/repository/org/springframework/spring-test/6.2.12/spring-test-6.2.12.jar:/Users/rafaelbonett/.m2/repository/org/xmlunit/xmlunit-core/2.10.4/xmlunit-core-2.10.4.jar:/Users/rafaelbonett/.m2/repository/org/springframework/boot/spring-boot-starter-data-jpa/3.5.7/spring-boot-starter-data-jpa-3.5.7.jar:/Users/rafaelbonett/.m2/repository/org/springframework/boot/spring-boot-starter-jdbc/3.5.7/spring-boot-starter-jdbc-3.5.7.jar:/Users/rafaelbonett/.m2/repository/com/zaxxer/HikariCP/6.3.3/HikariCP-6.3.3.jar:/Users/rafaelbonett/.m2/repository/org/springframework/spring-jdbc/6.2.12/spring-jdbc-6.2.12.jar:/Users/rafaelbonett/.m2/repository/org/hibernate/orm/hibernate-core/6.6.33.Final/hibernate-core-6.6.33.Final.jar:/Users/rafaelbonett/.m2/repository/jakarta/persistence/jakarta.persistence-api/3.1.0/jakarta.persistence-api-3.1.0.jar:/Users/rafaelbonett/.m2/repository/jakarta/transaction/jakarta.transaction-api/2.0.1/jakarta.transaction-api-2.0.1.jar:/Users/rafaelbonett/.m2/repository/org/jboss/logging/jboss-logging/3.6.1.Final/jboss-logging-3.6.1.Final.jar:/Users/rafaelbonett/.m2/repository/org/hibernate/common/hibernate-commons-annotations/7.0.3.Final/hibernate-commons-annotations-7.0.3.Final.jar:/Users/rafaelbonett/.m2/repository/io/smallrye/jandex/3.2.0/jandex-3.2.0.jar:/Users/rafaelbonett/.m2/repository/com/fasterxml/classmate/1.7.1/classmate-1.7.1.jar:/Users/rafaelbonett/.m2/repository/org/glassfish/jaxb/jaxb-runtime/4.0.6/jaxb-runtime-4.0.6.jar:/Users/rafaelbonett/.m2/repository/org/glassfish/jaxb/jaxb-core/4.0.6/jaxb-core-4.0.6.jar:/Users/rafaelbonett/.m2/repository/org/eclipse/angus/angus-activation/2.0.3/angus-activation-2.0.3.jar:/Users/rafaelbonett/.m2/repository/org/glassfish/jaxb/txw2/4.0.6/txw2-4.0.6.jar:/Users/rafaelbonett/.m2/repository/com/sun/istack/istack-commons-runtime/4.1.2/istack-commons-runtime-4.1.2.jar:/Users/rafaelbonett/.m2/repository/jakarta/inject/jakarta.inject-api/2.0.1/jakarta.inject-api-2.0.1.jar:/Users/rafaelbonett/.m2/repository/org/antlr/antlr4-runtime/4.13.0/antlr4-runtime-4.13.0.jar:/Users/rafaelbonett/.m2/repository/org/springframework/data/spring-data-jpa/3.5.5/spring-data-jpa-3.5.5.jar:/Users/rafaelbonett/.m2/repository/org/springframework/data/spring-data-commons/3.5.5/spring-data-commons-3.5.5.jar:/Users/rafaelbonett/.m2/repository/org/springframework/spring-orm/6.2.12/spring-orm-6.2.12.jar:/Users/rafaelbonett/.m2/repository/org/springframework/spring-tx/6.2.12/spring-tx-6.2.12.jar:/Users/rafaelbonett/.m2/repository/org/springframework/spring-aspects/6.2.12/spring-aspects-6.2.12.jar:/Users/rafaelbonett/.m2/repository/org/aspectj/aspectjweaver/1.9.24/aspectjweaver-1.9.24.jar:/Users/rafaelbonett/.m2/repository/org/springframework/boot/spring-boot-starter-validation/3.5.7/spring-boot-starter-validation-3.5.7.jar:/Users/rafaelbonett/.m2/repository/org/hibernate/validator/hibernate-validator/8.0.3.Final/hibernate-validator-8.0.3.Final.jar:/Users/rafaelbonett/.m2/repository/jakarta/validation/jakarta.validation-api/3.0.2/jakarta.validation-api-3.0.2.jar:/Users/rafaelbonett/.m2/repository/org/springframework/boot/spring-boot-starter-webflux/3.5.7/spring-boot-starter-webflux-3.5.7.jar:/Users/rafaelbonett/.m2/repository/org/springframework/boot/spring-boot-starter-reactor-netty/3.5.7/spring-boot-starter-reactor-netty-3.5.7.jar:/Users/rafaelbonett/.m2/repository/io/projectreactor/netty/reactor-netty-http/1.2.11/reactor-netty-http-1.2.11.jar:/Users/rafaelbonett/.m2/repository/io/netty/netty-codec-http/4.1.128.Final/netty-codec-http-4.1.128.Final.jar:/Users/rafaelbonett/.m2/repository/io/netty/netty-common/4.1.128.Final/netty-common-4.1.128.Final.jar:/Users/rafaelbonett/.m2/repository/io/netty/netty-buffer/4.1.128.Final/netty-buffer-4.1.128.Final.jar:/Users/rafaelbonett/.m2/repository/io/netty/netty-transport/4.1.128.Final/netty-transport-4.1.128.Final.jar:/Users/rafaelbonett/.m2/repository/io/netty/netty-codec/4.1.128.Final/netty-codec-4.1.128.Final.jar:/Users/rafaelbonett/.m2/repository/io/netty/netty-handler/4.1.128.Final/netty-handler-4.1.128.Final.jar:/Users/rafaelbonett/.m2/repository/io/netty/netty-codec-http2/4.1.128.Final/netty-codec-http2-4.1.128.Final.jar:/Users/rafaelbonett/.m2/repository/io/netty/netty-resolver-dns/4.1.128.Final/netty-resolver-dns-4.1.128.Final.jar:/Users/rafaelbonett/.m2/repository/io/netty/netty-resolver/4.1.128.Final/netty-resolver-4.1.128.Final.jar:/Users/rafaelbonett/.m2/repository/io/netty/netty-codec-dns/4.1.128.Final/netty-codec-dns-4.1.128.Final.jar:/Users/rafaelbonett/.m2/repository/io/netty/netty-resolver-dns-native-macos/4.1.128.Final/netty-resolver-dns-native-macos-4.1.128.Final-osx-x86_64.jar:/Users/rafaelbonett/.m2/repository/io/netty/netty-resolver-dns-classes-macos/4.1.128.Final/netty-resolver-dns-classes-macos-4.1.128.Final.jar:/Users/rafaelbonett/.m2/repository/io/netty/netty-transport-native-epoll/4.1.128.Final/netty-transport-native-epoll-4.1.128.Final-linux-x86_64.jar:/Users/rafaelbonett/.m2/repository/io/netty/netty-transport-native-unix-common/4.1.128.Final/netty-transport-native-unix-common-4.1.128.Final.jar:/Users/rafaelbonett/.m2/repository/io/netty/netty-transport-classes-epoll/4.1.128.Final/netty-transport-classes-epoll-4.1.128.Final.jar:/Users/rafaelbonett/.m2/repository/io/projectreactor/netty/reactor-netty-core/1.2.11/reactor-netty-core-1.2.11.jar:/Users/rafaelbonett/.m2/repository/io/netty/netty-handler-proxy/4.1.128.Final/netty-handler-proxy-4.1.128.Final.jar:/Users/rafaelbonett/.m2/repository/io/netty/netty-codec-socks/4.1.128.Final/netty-codec-socks-4.1.128.Final.jar:/Users/rafaelbonett/.m2/repository/org/springframework/spring-webflux/6.2.12/spring-webflux-6.2.12.jar:/Users/rafaelbonett/.m2/repository/io/projectreactor/reactor-core/3.7.12/reactor-core-3.7.12.jar:/Users/rafaelbonett/.m2/repository/org/reactivestreams/reactive-streams/1.0.4/reactive-streams-1.0.4.jar:/Users/rafaelbonett/.m2/repository/com/vladmihalcea/hibernate-types-60/2.21.1/hibernate-types-60-2.21.1.jar:/Users/rafaelbonett/.m2/repository/javax/xml/bind/jaxb-api/2.3.0/jaxb-api-2.3.0.jar:/Users/rafaelbonett/.m2/repository/org/postgresql/postgresql/42.7.8/postgresql-42.7.8.jar:/Users/rafaelbonett/.m2/repository/org/checkerframework/checker-qual/3.49.5/checker-qual-3.49.5.jar:/Users/rafaelbonett/.m2/repository/com/fasterxml/jackson/datatype/jackson-datatype-jsr310/2.19.2/jackson-datatype-jsr310-2.19.2.jar:/Users/rafaelbonett/.m2/repository/com/fasterxml/jackson/core/jackson-annotations/2.19.2/jackson-annotations-2.19.2.jar:/Users/rafaelbonett/.m2/repository/com/fasterxml/jackson/core/jackson-core/2.19.2/jackson-core-2.19.2.jar:/Users/rafaelbonett/.m2/repository/com/fasterxml/jackson/core/jackson-databind/2.19.2/jackson-databind-2.19.2.jar:"/>
    <property name="java.vm.vendor" value="Oracle Corporation"/>
    <property name="sun.arch.data.model" value="64"/>
    <property name="java.vendor.url" value="https://java.oracle.com/"/>
    <property name="user.timezone" value="America/Bogota"/>
    <property name="org.jboss.logging.provider" value="slf4j"/>
    <property name="os.name" value="Mac OS X"/>
    <property name="java.vm.specification.version" value="25"/>
    <property name="APPLICATION_NAME" value="espeUnimag"/>
    <property name="user.country" value="419"/>
    <property name="sun.java.launcher" value="SUN_STANDARD"/>
    <property name="sun.boot.library.path" value="/Users/rafaelbonett/Library/Java/JavaVirtualMachines/openjdk-25/Contents/Home/lib"/>
    <property name="sun.java.command" value="/Users/rafaelbonett/Desktop/espec/target/surefire/surefirebooter-20251028111525009_3.jar /Users/rafaelbonett/Desktop/espec/target/surefire 2025-10-28T11-15-24_971-jvmRun1 surefire-20251028111525009_1tmp surefire_0-20251028111525009_2tmp"/>
    <property name="http.nonProxyHosts" value="local|*.local|169.254/16|*.169.254/16"/>
    <property name="jdk.debug" value="release"/>
    <property name="surefire.test.class.path" value="/Users/rafaelbonett/Desktop/espec/target/test-classes:/Users/rafaelbonett/Desktop/espec/target/classes:/Users/rafaelbonett/.m2/repository/org/springframework/boot/spring-boot-starter-web/3.5.7/spring-boot-starter-web-3.5.7.jar:/Users/rafaelbonett/.m2/repository/org/springframework/boot/spring-boot-starter/3.5.7/spring-boot-starter-3.5.7.jar:/Users/rafaelbonett/.m2/repository/org/springframework/boot/spring-boot/3.5.7/spring-boot-3.5.7.jar:/Users/rafaelbonett/.m2/repository/org/springframework/boot/spring-boot-autoconfigure/3.5.7/spring-boot-autoconfigure-3.5.7.jar:/Users/rafaelbonett/.m2/repository/org/springframework/boot/spring-boot-starter-logging/3.5.7/spring-boot-starter-logging-3.5.7.jar:/Users/rafaelbonett/.m2/repository/ch/qos/logback/logback-classic/1.5.20/logback-classic-1.5.20.jar:/Users/rafaelbonett/.m2/repository/ch/qos/logback/logback-core/1.5.20/logback-core-1.5.20.jar:/Users/rafaelbonett/.m2/repository/org/apache/logging/log4j/log4j-to-slf4j/2.24.3/log4j-to-slf4j-2.24.3.jar:/Users/rafaelbonett/.m2/repository/org/apache/logging/log4j/log4j-api/2.24.3/log4j-api-2.24.3.jar:/Users/rafaelbonett/.m2/repository/org/slf4j/jul-to-slf4j/2.0.17/jul-to-slf4j-2.0.17.jar:/Users/rafaelbonett/.m2/repository/org/yaml/snakeyaml/2.4/snakeyaml-2.4.jar:/Users/rafaelbonett/.m2/repository/org/springframework/boot/spring-boot-starter-json/3.5.7/spring-boot-starter-json-3.5.7.jar:/Users/rafaelbonett/.m2/repository/com/fasterxml/jackson/datatype/jackson-datatype-jdk8/2.19.2/jackson-datatype-jdk8-2.19.2.jar:/Users/rafaelbonett/.m2/repository/com/fasterxml/jackson/module/jackson-module-parameter-names/2.19.2/jackson-module-parameter-names-2.19.2.jar:/Users/rafaelbonett/.m2/repository/org/springframework/spring-web/6.2.12/spring-web-6.2.12.jar:/Users/rafaelbonett/.m2/repository/org/springframework/spring-beans/6.2.12/spring-beans-6.2.12.jar:/Users/rafaelbonett/.m2/repository/io/micrometer/micrometer-observation/1.15.5/micrometer-observation-1.15.5.jar:/Users/rafaelbonett/.m2/repository/io/micrometer/micrometer-commons/1.15.5/micrometer-commons-1.15.5.jar:/Users/rafaelbonett/.m2/repository/org/springframework/spring-webmvc/6.2.12/spring-webmvc-6.2.12.jar:/Users/rafaelbonett/.m2/repository/org/springframework/spring-aop/6.2.12/spring-aop-6.2.12.jar:/Users/rafaelbonett/.m2/repository/org/springframework/spring-context/6.2.12/spring-context-6.2.12.jar:/Users/rafaelbonett/.m2/repository/org/springframework/spring-expression/6.2.12/spring-expression-6.2.12.jar:/Users/rafaelbonett/.m2/repository/org/springframework/boot/spring-boot-starter-tomcat/3.5.7/spring-boot-starter-tomcat-3.5.7.jar:/Users/rafaelbonett/.m2/repository/jakarta/annotation/jakarta.annotation-api/2.1.1/jakarta.annotation-api-2.1.1.jar:/Users/rafaelbonett/.m2/repository/org/apache/tomcat/embed/tomcat-embed-core/10.1.48/tomcat-embed-core-10.1.48.jar:/Users/rafaelbonett/.m2/repository/org/apache/tomcat/embed/tomcat-embed-el/10.1.48/tomcat-embed-el-10.1.48.jar:/Users/rafaelbonett/.m2/repository/org/apache/tomcat/embed/tomcat-embed-websocket/10.1.48/tomcat-embed-websocket-10.1.48.jar:/Users/rafaelbonett/.m2/repository/org/springframework/boot/spring-boot-starter-test/3.5.7/spring-boot-starter-test-3.5.7.jar:/Users/rafaelbonett/.m2/repository/org/springframework/boot/spring-boot-test/3.5.7/spring-boot-test-3.5.7.jar:/Users/rafaelbonett/.m2/repository/org/springframework/boot/spring-boot-test-autoconfigure/3.5.7/spring-boot-test-autoconfigure-3.5.7.jar:/Users/rafaelbonett/.m2/repository/com/jayway/jsonpath/json-path/2.9.0/json-path-2.9.0.jar:/Users/rafaelbonett/.m2/repository/org/slf4j/slf4j-api/2.0.17/slf4j-api-2.0.17.jar:/Users/rafaelbonett/.m2/repository/jakarta/xml/bind/jakarta.xml.bind-api/4.0.4/jakarta.xml.bind-api-4.0.4.jar:/Users/rafaelbonett/.m2/repository/jakarta/activation/jakarta.activation-api/2.1.4/jakarta.activation-api-2.1.4.jar:/Users/rafaelbonett/.m2/repository/net/minidev/json-smart/2.5.2/json-smart-2.5.2.jar:/Users/rafaelbonett/.m2/repository/net/minidev/accessors-smart/2.5.2/accessors-smart-2.5.2.jar:/Users/rafaelbonett/.m2/repository/org/ow2/asm/asm/9.7.1/asm-9.7.1.jar:/Users/rafaelbonett/.m2/repository/org/assertj/assertj-core/3.27.6/assertj-core-3.27.6.jar:/Users/rafaelbonett/.m2/repository/net/bytebuddy/byte-buddy/1.17.8/byte-buddy-1.17.8.jar:/Users/rafaelbonett/.m2/repository/org/awaitility/awaitility/4.2.2/awaitility-4.2.2.jar:/Users/rafaelbonett/.m2/repository/org/hamcrest/hamcrest/3.0/hamcrest-3.0.jar:/Users/rafaelbonett/.m2/repository/org/junit/jupiter/junit-jupiter/5.12.2/junit-jupiter-5.12.2.jar:/Users/rafaelbonett/.m2/repository/org/junit/jupiter/junit-jupiter-api/5.12.2/junit-jupiter-api-5.12.2.jar:/Users/rafaelbonett/.m2/repository/org/opentest4j/opentest4j/1.3.0/opentest4j-1.3.0.jar:/Users/rafaelbonett/.m2/repository/org/junit/platform/junit-platform-commons/1.12.2/junit-platform-commons-1.12.2.jar:/Users/rafaelbonett/.m2/repository/org/apiguardian/apiguardian-api/1.1.2/apiguardian-api-1.1.2.jar:/Users/rafaelbonett/.m2/repository/org/junit/jupiter/junit-jupiter-params/5.12.2/junit-jupiter-params-5.12.2.jar:/Users/rafaelbonett/.m2/repository/org/junit/jupiter/junit-jupiter-engine/5.12.2/junit-jupiter-engine-5.12.2.jar:/Users/rafaelbonett/.m2/repository/org/junit/platform/junit-platform-engine/1.12.2/junit-platform-engine-1.12.2.jar:/Users/rafaelbonett/.m2/repository/org/mockito/mockito-core/5.17.0/mockito-core-5.17.0.jar:/Users/rafaelbonett/.m2/repository/net/bytebuddy/byte-buddy-agent/1.17.8/byte-buddy-agent-1.17.8.jar:/Users/rafaelbonett/.m2/repository/org/objenesis/objenesis/3.3/objenesis-3.3.jar:/Users/rafaelbonett/.m2/repository/org/mockito/mockito-junit-jupiter/5.17.0/mockito-junit-jupiter-5.17.0.jar:/Users/rafaelbonett/.m2/repository/org/skyscreamer/jsonassert/1.5.3/jsonassert-1.5.3.jar:/Users/rafaelbonett/.m2/repository/com/vaadin/external/google/android-json/0.0.20131108.vaadin1/android-json-0.0.20131108.vaadin1.jar:/Users/rafaelbonett/.m2/repository/org/springframework/spring-core/6.2.12/spring-core-6.2.12.jar:/Users/rafaelbonett/.m2/repository/org/springframework/spring-jcl/6.2.12/spring-jcl-6.2.12.jar:/Users/rafaelbonett/.m2/repository/org/springframework/spring-test/6.2.12/spring-test-6.2.12.jar:/Users/rafaelbonett/.m2/repository/org/xmlunit/xmlunit-core/2.10.4/xmlunit-core-2.10.4.jar:/Users/rafaelbonett/.m2/repository/org/springframework/boot/spring-boot-starter-data-jpa/3.5.7/spring-boot-starter-data-jpa-3.5.7.jar:/Users/rafaelbonett/.m2/repository/org/springframework/boot/spring-boot-starter-jdbc/3.5.7/spring-boot-starter-jdbc-3.5.7.jar:/Users/rafaelbonett/.m2/repository/com/zaxxer/HikariCP/6.3.3/HikariCP-6.3.3.jar:/Users/rafaelbonett/.m2/repository/org/springframework/spring-jdbc/6.2.12/spring-jdbc-6.2.12.jar:/Users/rafaelbonett/.m2/repository/org/hibernate/orm/hibernate-core/6.6.33.Final/hibernate-core-6.6.33.Final.jar:/Users/rafaelbonett/.m2/repository/jakarta/persistence/jakarta.persistence-api/3.1.0/jakarta.persistence-api-3.1.0.jar:/Users/rafaelbonett/.m2/repository/jakarta/transaction/jakarta.transaction-api/2.0.1/jakarta.transaction-api-2.0.1.jar:/Users/rafaelbonett/.m2/repository/org/jboss/logging/jboss-logging/3.6.1.Final/jboss-logging-3.6.1.Final.jar:/Users/rafaelbonett/.m2/repository/org/hibernate/common/hibernate-commons-annotations/7.0.3.Final/hibernate-commons-annotations-7.0.3.Final.jar:/Users/rafaelbonett/.m2/repository/io/smallrye/jandex/3.2.0/jandex-3.2.0.jar:/Users/rafaelbonett/.m2/repository/com/fasterxml/classmate/1.7.1/classmate-1.7.1.jar:/Users/rafaelbonett/.m2/repository/org/glassfish/jaxb/jaxb-runtime/4.0.6/jaxb-runtime-4.0.6.jar:/Users/rafaelbonett/.m2/repository/org/glassfish/jaxb/jaxb-core/4.0.6/jaxb-core-4.0.6.jar:/Users/rafaelbonett/.m2/repository/org/eclipse/angus/angus-activation/2.0.3/angus-activation-2.0.3.jar:/Users/rafaelbonett/.m2/repository/org/glassfish/jaxb/txw2/4.0.6/txw2-4.0.6.jar:/Users/rafaelbonett/.m2/repository/com/sun/istack/istack-commons-runtime/4.1.2/istack-commons-runtime-4.1.2.jar:/Users/rafaelbonett/.m2/repository/jakarta/inject/jakarta.inject-api/2.0.1/jakarta.inject-api-2.0.1.jar:/Users/rafaelbonett/.m2/repository/org/antlr/antlr4-runtime/4.13.0/antlr4-runtime-4.13.0.jar:/Users/rafaelbonett/.m2/repository/org/springframework/data/spring-data-jpa/3.5.5/spring-data-jpa-3.5.5.jar:/Users/rafaelbonett/.m2/repository/org/springframework/data/spring-data-commons/3.5.5/spring-data-commons-3.5.5.jar:/Users/rafaelbonett/.m2/repository/org/springframework/spring-orm/6.2.12/spring-orm-6.2.12.jar:/Users/rafaelbonett/.m2/repository/org/springframework/spring-tx/6.2.12/spring-tx-6.2.12.jar:/Users/rafaelbonett/.m2/repository/org/springframework/spring-aspects/6.2.12/spring-aspects-6.2.12.jar:/Users/rafaelbonett/.m2/repository/org/aspectj/aspectjweaver/1.9.24/aspectjweaver-1.9.24.jar:/Users/rafaelbonett/.m2/repository/org/springframework/boot/spring-boot-starter-validation/3.5.7/spring-boot-starter-validation-3.5.7.jar:/Users/rafaelbonett/.m2/repository/org/hibernate/validator/hibernate-validator/8.0.3.Final/hibernate-validator-8.0.3.Final.jar:/Users/rafaelbonett/.m2/repository/jakarta/validation/jakarta.validation-api/3.0.2/jakarta.validation-api-3.0.2.jar:/Users/rafaelbonett/.m2/repository/org/springframework/boot/spring-boot-starter-webflux/3.5.7/spring-boot-starter-webflux-3.5.7.jar:/Users/rafaelbonett/.m2/repository/org/springframework/boot/spring-boot-starter-reactor-netty/3.5.7/spring-boot-starter-reactor-netty-3.5.7.jar:/Users/rafaelbonett/.m2/repository/io/projectreactor/netty/reactor-netty-http/1.2.11/reactor-netty-http-1.2.11.jar:/Users/rafaelbonett/.m2/repository/io/netty/netty-codec-http/4.1.128.Final/netty-codec-http-4.1.128.Final.jar:/Users/rafaelbonett/.m2/repository/io/netty/netty-common/4.1.128.Final/netty-common-4.1.128.Final.jar:/Users/rafaelbonett/.m2/repository/io/netty/netty-buffer/4.1.128.Final/netty-buffer-4.1.128.Final.jar:/Users/rafaelbonett/.m2/repository/io/netty/netty-transport/4.1.128.Final/netty-transport-4.1.128.Final.jar:/Users/rafaelbonett/.m2/repository/io/netty/netty-codec/4.1.128.Final/netty-codec-4.1.128.Final.jar:/Users/rafaelbonett/.m2/repository/io/netty/netty-handler/4.1.128.Final/netty-handler-4.1.128.Final.jar:/Users/rafaelbonett/.m2/repository/io/netty/netty-codec-http2/4.1.128.Final/netty-codec-http2-4.1.128.Final.jar:/Users/rafaelbonett/.m2/repository/io/netty/netty-resolver-dns/4.1.128.Final/netty-resolver-dns-4.1.128.Final.jar:/Users/rafaelbonett/.m2/repository/io/netty/netty-resolver/4.1.128.Final/netty-resolver-4.1.128.Final.jar:/Users/rafaelbonett/.m2/repository/io/netty/netty-codec-dns/4.1.128.Final/netty-codec-dns-4.1.128.Final.jar:/Users/rafaelbonett/.m2/repository/io/netty/netty-resolver-dns-native-macos/4.1.128.Final/netty-resolver-dns-native-macos-4.1.128.Final-osx-x86_64.jar:/Users/rafaelbonett/.m2/repository/io/netty/netty-resolver-dns-classes-macos/4.1.128.Final/netty-resolver-dns-classes-macos-4.1.128.Final.jar:/Users/rafaelbonett/.m2/repository/io/netty/netty-transport-native-epoll/4.1.128.Final/netty-transport-native-epoll-4.1.128.Final-linux-x86_64.jar:/Users/rafaelbonett/.m2/repository/io/netty/netty-transport-native-unix-common/4.1.128.Final/netty-transport-native-unix-common-4.1.128.Final.jar:/Users/rafaelbonett/.m2/repository/io/netty/netty-transport-classes-epoll/4.1.128.Final/netty-transport-classes-epoll-4.1.128.Final.jar:/Users/rafaelbonett/.m2/repository/io/projectreactor/netty/reactor-netty-core/1.2.11/reactor-netty-core-1.2.11.jar:/Users/rafaelbonett/.m2/repository/io/netty/netty-handler-proxy/4.1.128.Final/netty-handler-proxy-4.1.128.Final.jar:/Users/rafaelbonett/.m2/repository/io/netty/netty-codec-socks/4.1.128.Final/netty-codec-socks-4.1.128.Final.jar:/Users/rafaelbonett/.m2/repository/org/springframework/spring-webflux/6.2.12/spring-webflux-6.2.12.jar:/Users/rafaelbonett/.m2/repository/io/projectreactor/reactor-core/3.7.12/reactor-core-3.7.12.jar:/Users/rafaelbonett/.m2/repository/org/reactivestreams/reactive-streams/1.0.4/reactive-streams-1.0.4.jar:/Users/rafaelbonett/.m2/repository/com/vladmihalcea/hibernate-types-60/2.21.1/hibernate-types-60-2.21.1.jar:/Users/rafaelbonett/.m2/repository/javax/xml/bind/jaxb-api/2.3.0/jaxb-api-2.3.0.jar:/Users/rafaelbonett/.m2/repository/org/postgresql/postgresql/42.7.8/postgresql-42.7.8.jar:/Users/rafaelbonett/.m2/repository/org/checkerframework/checker-qual/3.49.5/checker-qual-3.49.5.jar:/Users/rafaelbonett/.m2/repository/com/fasterxml/jackson/datatype/jackson-datatype-jsr310/2.19.2/jackson-datatype-jsr310-2.19.2.jar:/Users/rafaelbonett/.m2/repository/com/fasterxml/jackson/core/jackson-annotations/2.19.2/jackson-annotations-2.19.2.jar:/Users/rafaelbonett/.m2/repository/com/fasterxml/jackson/core/jackson-core/2.19.2/jackson-core-2.19.2.jar:/Users/rafaelbonett/.m2/repository/com/fasterxml/jackson/core/jackson-databind/2.19.2/jackson-databind-2.19.2.jar:"/>
    <property name="sun.cpu.endian" value="little"/>
    <property name="user.home" value="/Users/rafaelbonett"/>
    <property name="user.language" value="es"/>
    <property name="java.specification.vendor" value="Oracle Corporation"/>
    <property name="java.version.date" value="2025-09-16"/>
    <property name="java.home" value="/Users/rafaelbonett/Library/Java/JavaVirtualMachines/openjdk-25/Contents/Home"/>
    <property name="file.separator" value="/"/>
    <property name="basedir" value="/Users/rafaelbonett/Desktop/espec"/>
    <property name="style.color" value="always"/>
    <property name="java.vm.compressedOopsMode" value="Zero based"/>
    <property name="line.separator" value="&#10;"/>
    <property name="java.vm.specification.vendor" value="Oracle Corporation"/>
    <property name="java.specification.name" value="Java Platform API Specification"/>
    <property name="FILE_LOG_CHARSET" value="UTF-8"/>
    <property name="java.awt.headless" value="true"/>
    <property name="apple.awt.application.name" value="ForkedBooter"/>
    <property name="surefire.real.class.path" value="/Users/rafaelbonett/Desktop/espec/target/surefire/surefirebooter-20251028111525009_3.jar"/>
    <property name="sun.management.compiler" value="HotSpot 64-Bit Tiered Compilers"/>
    <property name="ftp.nonProxyHosts" value="local|*.local|169.254/16|*.169.254/16"/>
    <property name="java.runtime.version" value="25+36-3489"/>
    <property name="user.name" value="rafaelbonett"/>
    <property name="stdout.encoding" value="UTF-8"/>
    <property name="path.separator" value=":"/>
    <property name="os.version" value="13.6.6"/>
    <property name="java.runtime.name" value="OpenJDK Runtime Environment"/>
    <property name="file.encoding" value="UTF-8"/>
    <property name="java.vm.name" value="OpenJDK 64-Bit Server VM"/>
    <property name="maven.ext.class.path" value="/Applications/IntelliJ IDEA.app/Contents/plugins/maven/lib/maven-event-listener.jar"/>
    <property name="localRepository" value="/Users/rafaelbonett/.m2/repository"/>
    <property name="java.vendor.url.bug" value="https://bugreport.java.com/bugreport/"/>
    <property name="java.io.tmpdir" value="/var/folders/t1/8tyrmgv11hz3qc71f1r9672w0000gn/T/"/>
    <property name="idea.version" value="2025.2.3"/>
    <property name="com.zaxxer.hikari.pool_number" value="1"/>
    <property name="java.version" value="25"/>
    <property name="user.dir" value="/Users/rafaelbonett/Desktop/espec"/>
    <property name="os.arch" value="aarch64"/>
    <property name="jansi.passthrough" value="true"/>
    <property name="java.vm.specification.name" value="Java Virtual Machine Specification"/>
    <property name="PID" value="3899"/>
    <property name="CONSOLE_LOG_CHARSET" value="UTF-8"/>
    <property name="native.encoding" value="UTF-8"/>
    <property name="java.library.path" value="/Users/rafaelbonett/Library/Java/Extensions:/Library/Java/Extensions:/Network/Library/Java/Extensions:/System/Library/Java/Extensions:/usr/lib/java:."/>
    <property name="java.vm.info" value="mixed mode, sharing"/>
    <property name="stderr.encoding" value="UTF-8"/>
    <property name="java.vendor" value="Oracle Corporation"/>
    <property name="java.vm.version" value="25+36-3489"/>
    <property name="stdin.encoding" value="UTF-8"/>
    <property name="sun.io.unicode.encoding" value="UnicodeBig"/>
    <property name="maven.repo.local" value="/Users/rafaelbonett/.m2/repository"/>
    <property name="socksNonProxyHosts" value="local|*.local|169.254/16|*.169.254/16"/>
    <property name="java.class.version" value="69.0"/>
    <property name="LOGGED_APPLICATION_NAME" value="[espeUnimag] "/>
  </properties>
  <testcase name="contextLoads" classname="com.eboneth.espec.EspecApplicationTests" time="0.224">
    <system-out><![CDATA[11:15:25.380 [main] INFO org.springframework.test.context.support.AnnotationConfigContextLoaderUtils -- Could not detect default configuration classes for test class [com.eboneth.espec.EspecApplicationTests]: EspecApplicationTests does not declare any static, non-private, non-final, nested classes annotated with @Configuration.
11:15:25.427 [main] INFO org.springframework.boot.test.context.SpringBootTestContextBootstrapper -- Found @SpringBootConfiguration com.eboneth.espec.EspecApplication for test class com.eboneth.espec.EspecApplicationTests

  .   ____          _            __ _ _
 /\\ / ___'_ __ _ _(_)_ __  __ _ \ \ \ \
( ( )\___ | '_ | '_| | '_ \/ _` | \ \ \ \
 \\/  ___)| |_)| | | | | || (_| |  ) ) ) )
  '  |____| .__|_| |_|_| |_\__, | / / / /
 =========|_|==============|___/=/_/_/_/

 :: Spring Boot ::                (v3.5.7)

2025-10-28T11:15:25.595-05:00  INFO 3899 --- [espeUnimag] [           main] c.eboneth.espec.EspecApplicationTests    : Starting EspecApplicationTests using Java 25 with PID 3899 (started by rafaelbonett in /Users/rafaelbonett/Desktop/espec)
2025-10-28T11:15:25.595-05:00  INFO 3899 --- [espeUnimag] [           main] c.eboneth.espec.EspecApplicationTests    : The following 2 profiles are active: "dev", "security-enabled"
2025-10-28T11:15:25.854-05:00  INFO 3899 --- [espeUnimag] [           main] .s.d.r.c.RepositoryConfigurationDelegate : Bootstrapping Spring Data JPA repositories in DEFAULT mode.
2025-10-28T11:15:25.925-05:00  INFO 3899 --- [espeUnimag] [           main] .s.d.r.c.RepositoryConfigurationDelegate : Finished Spring Data repository scanning in 66 ms. Found 2 JPA repository interfaces.
2025-10-28T11:15:26.069-05:00 DEBUG 3899 --- [espeUnimag] [           main] j.LocalContainerEntityManagerFactoryBean : Building JPA container EntityManagerFactory for persistence unit 'default'
2025-10-28T11:15:26.080-05:00  INFO 3899 --- [espeUnimag] [           main] o.hibernate.jpa.internal.util.LogHelper  : HHH000204: Processing PersistenceUnitInfo [name: default]
2025-10-28T11:15:26.111-05:00  INFO 3899 --- [espeUnimag] [           main] org.hibernate.Version                    : HHH000412: Hibernate ORM core version 6.6.33.Final
2025-10-28T11:15:26.125-05:00  INFO 3899 --- [espeUnimag] [           main] o.h.c.internal.RegionFactoryInitiator    : HHH000026: Second-level cache disabled
2025-10-28T11:15:26.179-05:00  INFO 3899 --- [espeUnimag] [           main] com.zaxxer.hikari.HikariDataSource       : HikariPool-1 - Starting...
2025-10-28T11:15:28.148-05:00  INFO 3899 --- [espeUnimag] [           main] com.zaxxer.hikari.pool.HikariPool        : HikariPool-1 - Added connection org.postgresql.jdbc.PgConnection@2bb717d7
2025-10-28T11:15:28.150-05:00  INFO 3899 --- [espeUnimag] [           main] com.zaxxer.hikari.HikariDataSource       : HikariPool-1 - Start completed.
2025-10-28T11:15:29.046-05:00  INFO 3899 --- [espeUnimag] [           main] org.hibernate.orm.connections.pooling    : HHH10001005: Database info:
	Database JDBC URL [Connecting through datasource 'HikariDataSource (HikariPool-1)']
	Database driver: undefined/unknown
	Database version: 17.6
	Autocommit mode: undefined/unknown
	Isolation level: undefined/unknown
	Minimum pool size: undefined/unknown
	Maximum pool size: undefined/unknown
2025-10-28T11:15:29.151-05:00  INFO 3899 --- [espeUnimag] [           main] o.s.o.j.p.SpringPersistenceUnitInfo      : No LoadTimeWeaver setup: ignoring JPA class transformer
2025-10-28T11:15:29.156-05:00 DEBUG 3899 --- [espeUnimag] [           main] o.h.t.d.sql.spi.DdlTypeRegistry          : addDescriptor(2003, org.hibernate.type.descriptor.sql.internal.ArrayDdlTypeImpl@4f541e67) replaced previous registration(org.hibernate.type.descriptor.sql.internal.ArrayDdlTypeImpl@2be50bba)
2025-10-28T11:15:29.156-05:00 DEBUG 3899 --- [espeUnimag] [           main] o.h.t.d.sql.spi.DdlTypeRegistry          : addDescriptor(6, org.hibernate.type.descriptor.sql.internal.CapacityDependentDdlType@3514ac7d) replaced previous registration(org.hibernate.type.descriptor.sql.internal.DdlTypeImpl@79c4f23b)
2025-10-28T11:15:29.519-05:00  INFO 3899 --- [espeUnimag] [           main] o.h.e.t.j.p.i.JtaPlatformInitiator       : HHH000489: No JTA platform available (set 'hibernate.transaction.jta.platform' to enable JTA platform integration)
2025-10-28T11:15:29.521-05:00  INFO 3899 --- [espeUnimag] [           main] j.LocalContainerEntityManagerFactoryBean : Initialized JPA EntityManagerFactory for persistence unit 'default'
2025-10-28T11:15:29.941-05:00  INFO 3899 --- [espeUnimag] [           main] c.eboneth.espec.EspecApplicationTests    : Started EspecApplicationTests in 4.45 seconds (process running for 4.884)
]]></system-out>
    <system-err><![CDATA[Mockito is currently self-attaching to enable the inline-mock-maker. This will no longer work in future releases of the JDK. Please add Mockito as an agent to your build as described in Mockito's documentation: https://javadoc.io/doc/org.mockito/mockito-core/latest/org.mockito/org/mockito/Mockito.html#0.3
WARNING: A Java agent has been loaded dynamically (/Users/rafaelbonett/.m2/repository/net/bytebuddy/byte-buddy-agent/1.17.8/byte-buddy-agent-1.17.8.jar)
WARNING: If a serviceability tool is in use, please run with -XX:+EnableDynamicAgentLoading to hide this warning
WARNING: If a serviceability tool is not in use, please run with -Djdk.instrument.traceUsage for more information
WARNING: Dynamic loading of agents will be disallowed by default in a future release
]]></system-err>
  </testcase>
</testsuite>